c:\users\david\source\tetris\tetris\x64\debug\vc143.pdb
c:\users\david\source\tetris\tetris\x64\debug\vc143.idb
c:\users\david\source\tetris\tetris\x64\debug\window.obj
c:\users\david\source\tetris\tetris\x64\debug\message.obj
c:\users\david\source\tetris\tetris\x64\debug\source.obj
c:\users\david\source\tetris\tetris\x64\debug\settings.obj
c:\users\david\source\tetris\tetris\x64\debug\figure.obj
c:\users\david\source\tetris\tetris\x64\debug\engine.obj
c:\users\david\source\tetris\x64\debug\tetris.exe
c:\users\david\source\tetris\tetris\x64\debug\tetris.ilk
c:\users\david\source\tetris\x64\debug\tetris.pdb
c:\users\david\source\tetris\tetris\x64\debug\tetris.res
c:\users\david\source\tetris\tetris\x64\debug\tetris.tlog\cl.command.1.tlog
c:\users\david\source\tetris\tetris\x64\debug\tetris.tlog\cl.items.tlog
c:\users\david\source\tetris\tetris\x64\debug\tetris.tlog\cl.read.1.tlog
c:\users\david\source\tetris\tetris\x64\debug\tetris.tlog\cl.write.1.tlog
c:\users\david\source\tetris\tetris\x64\debug\tetris.tlog\link.command.1.tlog
c:\users\david\source\tetris\tetris\x64\debug\tetris.tlog\link.read.1.tlog
c:\users\david\source\tetris\tetris\x64\debug\tetris.tlog\link.write.1.tlog
c:\users\david\source\tetris\tetris\x64\debug\tetris.tlog\rc.command.1.tlog
c:\users\david\source\tetris\tetris\x64\debug\tetris.tlog\rc.read.1.tlog
c:\users\david\source\tetris\tetris\x64\debug\tetris.tlog\rc.write.1.tlog
