c:\users\david\source\tetris\tetris\x64\release\vc143.pdb
c:\users\david\source\tetris\tetris\x64\release\window.obj
c:\users\david\source\tetris\tetris\x64\release\message.obj
c:\users\david\source\tetris\tetris\x64\release\source.obj
c:\users\david\source\tetris\tetris\x64\release\settings.obj
c:\users\david\source\tetris\tetris\x64\release\figure.obj
c:\users\david\source\tetris\tetris\x64\release\engine.obj
c:\users\david\source\tetris\x64\release\tetris.exe
c:\users\david\source\tetris\x64\release\tetris.pdb
c:\users\david\source\tetris\tetris\x64\release\tetris.iobj
c:\users\david\source\tetris\tetris\x64\release\tetris.ipdb
c:\users\david\source\tetris\tetris\x64\release\tetris.res
c:\users\david\source\tetris\tetris\x64\release\tetris.tlog\cl.command.1.tlog
c:\users\david\source\tetris\tetris\x64\release\tetris.tlog\cl.items.tlog
c:\users\david\source\tetris\tetris\x64\release\tetris.tlog\cl.read.1.tlog
c:\users\david\source\tetris\tetris\x64\release\tetris.tlog\cl.write.1.tlog
c:\users\david\source\tetris\tetris\x64\release\tetris.tlog\link.command.1.tlog
c:\users\david\source\tetris\tetris\x64\release\tetris.tlog\link.read.1.tlog
c:\users\david\source\tetris\tetris\x64\release\tetris.tlog\link.write.1.tlog
c:\users\david\source\tetris\tetris\x64\release\tetris.tlog\rc.command.1.tlog
c:\users\david\source\tetris\tetris\x64\release\tetris.tlog\rc.read.1.tlog
c:\users\david\source\tetris\tetris\x64\release\tetris.tlog\rc.write.1.tlog
